\BOOKMARK [1][]{section.1}{\376\377\0001\000\040\000Q\000u\000a\000l\000i\000t\000\344\000t\000\040\000d\000e\000r\000\040\000G\000e\000n\000o\000m\000s\000e\000q\000u\000e\000n\000z\000i\000e\000r\000u\000n\000g}{}% 1
\BOOKMARK [2][-]{subsection.1.1}{\376\377\0001\000.\0001\000\040\000R\000a\000w\000\040\000Q\000u\000a\000l\000i\000t\000y}{section.1}% 2
\BOOKMARK [2][-]{subsection.1.2}{\376\377\0001\000.\0002\000\040\000B\000a\000s\000e\000\040\000Q\000u\000a\000l\000i\000t\000y\000\040\000S\000c\000o\000r\000e\000\040\000R\000e\000c\000a\000l\000i\000b\000r\000a\000t\000i\000o\000n\000\040\000\050\000B\000Q\000S\000R\000\051}{section.1}% 3
\BOOKMARK [2][-]{subsection.1.3}{\376\377\0001\000.\0003\000\040\000Z\000u\000s\000a\000m\000m\000e\000n\000f\000a\000s\000s\000u\000n\000g}{section.1}% 4
\BOOKMARK [1][]{section.2}{\376\377\0002\000\040\000C\000o\000v\000e\000r\000a\000g\000e}{}% 5
\BOOKMARK [2][-]{subsection.2.1}{\376\377\0002\000.\0001\000\040\000M\000e\000a\000n\000\040\000C\000o\000v\000e\000r\000a\000g\000e}{section.2}% 6
\BOOKMARK [1][]{section.3}{\376\377\0003\000\040\000M\000u\000t\000a\000t\000i\000o\000n\000s\000a\000n\000a\000l\000y\000s\000e}{}% 7
\BOOKMARK [2][-]{subsection.3.1}{\376\377\0003\000.\0001\000\040\000I\000n\000f\000o\000r\000m\000a\000t\000i\000o\000n\000e\000n\000\040\000z\000u\000r\000\040\000A\000n\000a\000l\000y\000s\000e}{section.3}% 8
\BOOKMARK [2][-]{subsection.3.2}{\376\377\0003\000.\0002\000\040\000S\000o\000m\000a\000t\000i\000s\000c\000h\000e\000\040\000M\000u\000t\000a\000t\000i\000o\000n\000e\000n\000\040\000u\000n\000d\000\040\000L\000o\000s\000s\000\040\000o\000f\000\040\000H\000e\000t\000e\000r\000o\000z\000y\000g\000o\000s\000i\000t\000y\000\040\000\050\000L\000o\000H\000\051}{section.3}% 9
\BOOKMARK [2][-]{subsection.3.3}{\376\377\0003\000.\0003\000\040\000T\000u\000m\000o\000r\000s\000u\000p\000p\000r\000e\000s\000s\000o\000r\000e\000n\000\040\000u\000n\000d\000\040\000O\000n\000k\000o\000g\000e\000n\000e}{section.3}% 10
\BOOKMARK [2][-]{subsection.3.4}{\376\377\0003\000.\0004\000\040\000S\000o\000m\000a\000t\000i\000s\000c\000h\000e\000\040\000M\000u\000t\000a\000t\000i\000o\000n\000e\000n\000\040\000\050\000t\000o\000p\0002\0000\000\040\000n\000a\000c\000h\000\040\000V\000A\000F\000\051}{section.3}% 11
\BOOKMARK [2][-]{subsection.3.5}{\376\377\0003\000.\0005\000\040\000L\000o\000H}{section.3}% 12
\BOOKMARK [2][-]{subsection.3.6}{\376\377\0003\000.\0006\000\040\000F\000u\000n\000k\000t\000i\000o\000n\000e\000l\000l\000e\000\040\000A\000n\000a\000l\000y\000s\000e\000n}{section.3}% 13
\BOOKMARK [2][-]{subsection.3.7}{\376\377\0003\000.\0007\000\040\000W\000i\000c\000h\000t\000i\000g\000e\000\040\000S\000i\000g\000n\000a\000l\000w\000e\000g\000e}{section.3}% 14
\BOOKMARK [1][]{section.4}{\376\377\0004\000\040\000C\000o\000p\000y\000\040\000N\000u\000m\000b\000e\000r\000\040\000V\000a\000r\000i\000a\000t\000i\000o\000n}{}% 15
\BOOKMARK [2][-]{subsection.4.1}{\376\377\0004\000.\0001\000\040\000A\000n\000z\000a\000h\000l\000\040\000C\000N\000V\000s}{section.4}% 16
\BOOKMARK [2][-]{subsection.4.2}{\376\377\0004\000.\0002\000\040\000C\000N\000V\000\040\000P\000l\000o\000t\000s}{section.4}% 17
\BOOKMARK [2][-]{subsection.4.3}{\376\377\0004\000.\0003\000\040\000T\000u\000m\000o\000r\000s\000u\000p\000p\000r\000e\000s\000s\000o\000r\000e\000n}{section.4}% 18
\BOOKMARK [2][-]{subsection.4.4}{\376\377\0004\000.\0004\000\040\000O\000n\000k\000o\000g\000e\000n\000e}{section.4}% 19
\BOOKMARK [2][-]{subsection.4.5}{\376\377\0004\000.\0005\000\040\000F\000u\000n\000k\000t\000i\000o\000n\000e\000l\000l\000e\000\040\000A\000n\000a\000l\000y\000s\000e\000\040\000d\000e\000r\000\040\000C\000N\000V\000s}{section.4}% 20
\BOOKMARK [1][]{section.5}{\376\377\0005\000\040\000A\000n\000a\000l\000y\000s\000e\000\040\000d\000e\000r\000\040\000M\000u\000t\000a\000t\000i\000o\000n\000s\000s\000i\000g\000n\000a\000t\000u\000r\000e\000n}{}% 21
\BOOKMARK [1][]{section.6}{\376\377\0006\000\040\000V\000e\000r\000s\000i\000o\000n\000s\000i\000n\000f\000o}{}% 22
\BOOKMARK [2][-]{subsection.6.1}{\376\377\0006\000.\0001\000\040\000G\000e\000n\000o\000m\000e}{section.6}% 23
\BOOKMARK [2][-]{subsection.6.2}{\376\377\0006\000.\0002\000\040\000P\000r\000o\000g\000r\000a\000m\000m\000v\000e\000r\000s\000i\000o\000n\000e\000n}{section.6}% 24
\BOOKMARK [2][-]{subsection.6.3}{\376\377\0006\000.\0003\000\040\000A\000n\000n\000o\000v\000a\000r\000\040\000D\000a\000t\000e\000n\000b\000a\000n\000k\000e\000n}{section.6}% 25
